2025-12-01 10:04:08.612 [main] INFO  c.q.backend.BackendApplication - Starting BackendApplication using Java 21.0.9 with PID 2105219 (/home/petruz/git-repo/query-mole/backend/build/classes/java/main started by petruz in /home/petruz/git-repo/query-mole/backend)
2025-12-01 10:04:08.632 [main] DEBUG c.q.backend.BackendApplication - Running with Spring Boot v4.0.0, Spring v7.0.1
2025-12-01 10:04:08.640 [main] INFO  c.q.backend.BackendApplication - No active profile set, falling back to 1 default profile: "default"
2025-12-01 10:04:12.107 [main] INFO  o.s.boot.tomcat.TomcatWebServer - Tomcat initialized with port 8080 (http)
2025-12-01 10:04:12.131 [main] INFO  o.a.coyote.http11.Http11NioProtocol - Initializing ProtocolHandler ["http-nio-8080"]
2025-12-01 10:04:12.138 [main] INFO  o.a.catalina.core.StandardService - Starting service [Tomcat]
2025-12-01 10:04:12.138 [main] INFO  o.a.catalina.core.StandardEngine - Starting Servlet engine: [Apache Tomcat/11.0.14]
2025-12-01 10:04:12.230 [main] INFO  o.s.b.w.c.s.WebApplicationContextInitializer - Root WebApplicationContext: initialization completed in 3364 ms
2025-12-01 10:04:12.944 [main] INFO  o.s.b.w.a.WelcomePageHandlerMapping - Adding welcome page: class path resource [static/index.html]
2025-12-01 10:04:14.207 [main] INFO  o.a.coyote.http11.Http11NioProtocol - Starting ProtocolHandler ["http-nio-8080"]
2025-12-01 10:04:14.318 [main] INFO  o.s.boot.tomcat.TomcatWebServer - Tomcat started on port 8080 (http) with context path '/'
2025-12-01 10:04:14.338 [main] INFO  c.q.backend.BackendApplication - Started BackendApplication in 7.731 seconds (process running for 8.61)
2025-12-01 10:04:45.641 [http-nio-8080-exec-1] INFO  o.a.c.c.C.[Tomcat].[localhost].[/] - Initializing Spring DispatcherServlet 'dispatcherServlet'
2025-12-01 10:04:45.642 [http-nio-8080-exec-1] INFO  o.s.web.servlet.DispatcherServlet - Initializing Servlet 'dispatcherServlet'
2025-12-01 10:04:45.649 [http-nio-8080-exec-1] INFO  o.s.web.servlet.DispatcherServlet - Completed initialization in 6 ms
2025-12-01 10:04:45.893 [http-nio-8080-exec-1] INFO  c.q.b.c.ConnectionController - Connecting to database: jdbc:clickhouse://localhost:8124/default
2025-12-01 10:04:45.895 [http-nio-8080-exec-1] DEBUG c.q.b.service.DriverLoaderService - Loading driver: com.clickhouse.jdbc.ClickHouseDriver
2025-12-01 10:04:45.897 [http-nio-8080-exec-1] DEBUG c.q.b.service.DriverLoaderService - Adding JAR to classpath: clickhouse-jdbc-0.9.4-all.jar
2025-12-01 10:04:45.899 [http-nio-8080-exec-1] DEBUG c.q.b.service.DriverLoaderService - Adding JAR to classpath: postgresql-42.7.8.jar
2025-12-01 10:04:45.973 [http-nio-8080-exec-1] INFO  c.q.b.service.DriverLoaderService - Successfully loaded driver: com.clickhouse.jdbc.ClickHouseDriver
2025-12-01 10:04:45.978 [http-nio-8080-exec-1] INFO  c.q.b.c.ConnectionController - Successfully connected to database
2025-12-01 10:14:30.923 [http-nio-8080-exec-2] INFO  c.q.b.c.ConnectionController - Connecting to database: jdbc:clickhouse://localhost:8124/default
2025-12-01 10:14:30.924 [http-nio-8080-exec-2] DEBUG c.q.b.service.DriverLoaderService - Loading driver: com.clickhouse.jdbc.ClickHouseDriver
2025-12-01 10:14:30.925 [http-nio-8080-exec-2] DEBUG c.q.b.service.DriverLoaderService - Adding JAR to classpath: clickhouse-jdbc-0.9.4-all.jar
2025-12-01 10:14:30.925 [http-nio-8080-exec-2] DEBUG c.q.b.service.DriverLoaderService - Adding JAR to classpath: postgresql-42.7.8.jar
2025-12-01 10:14:30.938 [http-nio-8080-exec-3] INFO  c.q.b.c.ConnectionController - Connecting to database: jdbc:clickhouse://localhost:8124/default
2025-12-01 10:14:30.938 [http-nio-8080-exec-3] DEBUG c.q.b.service.DriverLoaderService - Loading driver: com.clickhouse.jdbc.ClickHouseDriver
2025-12-01 10:14:30.939 [http-nio-8080-exec-3] DEBUG c.q.b.service.DriverLoaderService - Adding JAR to classpath: clickhouse-jdbc-0.9.4-all.jar
2025-12-01 10:14:30.941 [http-nio-8080-exec-3] DEBUG c.q.b.service.DriverLoaderService - Adding JAR to classpath: postgresql-42.7.8.jar
2025-12-01 10:14:30.957 [http-nio-8080-exec-2] INFO  c.q.b.service.DriverLoaderService - Successfully loaded driver: com.clickhouse.jdbc.ClickHouseDriver
2025-12-01 10:14:30.958 [http-nio-8080-exec-2] INFO  c.q.b.c.ConnectionController - Successfully connected to database
2025-12-01 10:14:30.961 [http-nio-8080-exec-3] INFO  c.q.b.service.DriverLoaderService - Successfully loaded driver: com.clickhouse.jdbc.ClickHouseDriver
2025-12-01 10:14:30.962 [http-nio-8080-exec-3] INFO  c.q.b.c.ConnectionController - Successfully connected to database
2025-12-01 10:20:51.885 [http-nio-8080-exec-4] INFO  c.q.b.c.ConnectionController - Connecting to database: jdbc:clickhouse://localhost:8124/default
2025-12-01 10:20:51.885 [http-nio-8080-exec-4] DEBUG c.q.b.service.DriverLoaderService - Loading driver: com.clickhouse.jdbc.ClickHouseDriver
2025-12-01 10:20:51.885 [http-nio-8080-exec-4] DEBUG c.q.b.service.DriverLoaderService - Adding JAR to classpath: clickhouse-jdbc-0.9.4-all.jar
2025-12-01 10:20:51.886 [http-nio-8080-exec-4] DEBUG c.q.b.service.DriverLoaderService - Adding JAR to classpath: postgresql-42.7.8.jar
2025-12-01 10:20:51.915 [http-nio-8080-exec-4] INFO  c.q.b.service.DriverLoaderService - Successfully loaded driver: com.clickhouse.jdbc.ClickHouseDriver
2025-12-01 10:20:51.915 [http-nio-8080-exec-4] INFO  c.q.b.c.ConnectionController - Successfully connected to database
2025-12-01 11:07:00.862 [http-nio-8080-exec-5] INFO  c.q.b.c.ConnectionController - Connecting to database: jdbc:clickhouse://localhost:8124/default
2025-12-01 11:07:00.938 [http-nio-8080-exec-5] DEBUG c.q.b.service.DriverLoaderService - Loading driver: com.clickhouse.jdbc.ClickHouseDriver
2025-12-01 11:07:00.957 [http-nio-8080-exec-5] DEBUG c.q.b.service.DriverLoaderService - Adding JAR to classpath: clickhouse-jdbc-0.9.4-all.jar
2025-12-01 11:07:00.959 [http-nio-8080-exec-5] DEBUG c.q.b.service.DriverLoaderService - Adding JAR to classpath: postgresql-42.7.8.jar
2025-12-01 11:07:02.133 [http-nio-8080-exec-5] INFO  c.q.b.service.DriverLoaderService - Successfully loaded driver: com.clickhouse.jdbc.ClickHouseDriver
2025-12-01 11:07:02.139 [http-nio-8080-exec-5] INFO  c.q.b.c.ConnectionController - Successfully connected to database
2025-12-01 11:11:31.205 [http-nio-8080-exec-6] INFO  c.q.b.c.ConnectionController - Connecting to database: jdbc:clickhouse://localhost:8124/default
2025-12-01 11:11:31.211 [http-nio-8080-exec-6] DEBUG c.q.b.service.DriverLoaderService - Loading driver: com.clickhouse.jdbc.ClickHouseDriver
2025-12-01 11:11:31.212 [http-nio-8080-exec-6] DEBUG c.q.b.service.DriverLoaderService - Adding JAR to classpath: clickhouse-jdbc-0.9.4-all.jar
2025-12-01 11:11:31.212 [http-nio-8080-exec-6] DEBUG c.q.b.service.DriverLoaderService - Adding JAR to classpath: postgresql-42.7.8.jar
2025-12-01 11:11:31.486 [http-nio-8080-exec-6] INFO  c.q.b.service.DriverLoaderService - Successfully loaded driver: com.clickhouse.jdbc.ClickHouseDriver
2025-12-01 11:11:31.494 [http-nio-8080-exec-6] INFO  c.q.b.c.ConnectionController - Successfully connected to database
2025-12-01 11:15:02.232 [http-nio-8080-exec-8] INFO  c.q.b.c.ConnectionController - Fetching available JDBC drivers
2025-12-01 11:15:02.258 [http-nio-8080-exec-8] INFO  c.q.b.service.DriverLoaderService - Scanning 2 JAR files in drivers directory
2025-12-01 11:15:02.259 [http-nio-8080-exec-8] DEBUG c.q.b.service.DriverLoaderService - Scanning JAR: clickhouse-jdbc-0.9.4-all.jar
2025-12-01 11:15:02.396 [http-nio-8080-exec-8] INFO  c.q.b.service.DriverLoaderService - Detected driver: com.clickhouse.jdbc.ClickHouseDriver (clickhouse) in clickhouse-jdbc-0.9.4-all.jar
2025-12-01 11:15:02.398 [http-nio-8080-exec-8] DEBUG c.q.b.service.DriverLoaderService - Scanning JAR: postgresql-42.7.8.jar
2025-12-01 11:15:02.406 [http-nio-8080-exec-8] INFO  c.q.b.service.DriverLoaderService - Detected driver: org.postgresql.Driver (postgresql) in postgresql-42.7.8.jar
2025-12-01 11:15:02.406 [http-nio-8080-exec-8] INFO  c.q.b.c.ConnectionController - Found 2 available drivers
2025-12-01 11:16:27.465 [http-nio-8080-exec-7] INFO  c.q.b.c.ConnectionController - Connecting to database: jdbc:postgresql://localhost:5432/postgres
2025-12-01 11:16:27.486 [http-nio-8080-exec-7] DEBUG o.s.j.d.DriverManagerDataSource - Loaded JDBC driver: org.postgresql.Driver
2025-12-01 11:16:27.488 [http-nio-8080-exec-7] INFO  c.q.b.c.ConnectionController - Successfully connected to database
2025-12-01 11:16:32.201 [http-nio-8080-exec-9] DEBUG o.s.jdbc.core.JdbcTemplate - Executing SQL query [-- Top 10 tables 

select schemaname as table_schema,
    relname as table_name,
    pg_size_pretty(pg_total_relation_size(relid)) as total_size,
    pg_size_pretty(pg_relation_size(relid)) as data_size,
    pg_size_pretty(pg_total_relation_size(relid) - pg_relation_size(relid))
      as external_size
from pg_catalog.pg_statio_user_tables
order by pg_total_relation_size(relid) desc,
         pg_relation_size(relid) desc
limit 10;]
2025-12-01 11:16:32.263 [http-nio-8080-exec-9] DEBUG o.s.jdbc.datasource.DataSourceUtils - Fetching JDBC Connection from DataSource
2025-12-01 11:16:32.264 [http-nio-8080-exec-9] DEBUG o.s.j.d.DriverManagerDataSource - Creating new JDBC DriverManager Connection to [jdbc:postgresql://localhost:5432/postgres]
2025-12-01 11:16:40.887 [http-nio-8080-exec-10] DEBUG o.s.jdbc.core.JdbcTemplate - Executing SQL query [SELECT pid, age(clock_timestamp(), query_start), usename, application_name, client_addr, state, query 
  FROM pg_stat_activity 
 WHERE state != 'idle'
   AND query not like '%pg_stat_activity%']
2025-12-01 11:16:40.891 [http-nio-8080-exec-10] DEBUG o.s.jdbc.datasource.DataSourceUtils - Fetching JDBC Connection from DataSource
2025-12-01 11:16:40.891 [http-nio-8080-exec-10] DEBUG o.s.j.d.DriverManagerDataSource - Creating new JDBC DriverManager Connection to [jdbc:postgresql://localhost:5432/postgres]
2025-12-01 11:16:47.063 [http-nio-8080-exec-1] DEBUG o.s.jdbc.core.JdbcTemplate - Executing SQL query [SELECT * FROM ...]
2025-12-01 11:16:47.063 [http-nio-8080-exec-1] DEBUG o.s.jdbc.datasource.DataSourceUtils - Fetching JDBC Connection from DataSource
2025-12-01 11:16:47.063 [http-nio-8080-exec-1] DEBUG o.s.j.d.DriverManagerDataSource - Creating new JDBC DriverManager Connection to [jdbc:postgresql://localhost:5432/postgres]
2025-12-01 11:16:47.182 [http-nio-8080-exec-1] DEBUG o.s.j.s.SQLStateSQLExceptionTranslator - Extracted SQL state class '42' from value '42601'
2025-12-01 11:16:53.326 [http-nio-8080-exec-2] DEBUG o.s.jdbc.core.JdbcTemplate - Executing SQL query [SELECT pid, age(clock_timestamp(), query_start), usename, application_name, client_addr, state, query 
  FROM pg_stat_activity 
 WHERE query not like '%pg_stat_activity%']
2025-12-01 11:16:53.327 [http-nio-8080-exec-2] DEBUG o.s.jdbc.datasource.DataSourceUtils - Fetching JDBC Connection from DataSource
2025-12-01 11:16:53.327 [http-nio-8080-exec-2] DEBUG o.s.j.d.DriverManagerDataSource - Creating new JDBC DriverManager Connection to [jdbc:postgresql://localhost:5432/postgres]
2025-12-01 11:17:04.788 [http-nio-8080-exec-3] DEBUG o.s.jdbc.core.JdbcTemplate - Executing SQL query [SELECT pid, age(clock_timestamp(), query_start), usename, application_name, client_addr, state, query 
  FROM pg_stat_activity 
 WHERE query not like '%pg_stat_activity%']
2025-12-01 11:17:04.790 [http-nio-8080-exec-3] DEBUG o.s.jdbc.datasource.DataSourceUtils - Fetching JDBC Connection from DataSource
2025-12-01 11:17:04.790 [http-nio-8080-exec-3] DEBUG o.s.j.d.DriverManagerDataSource - Creating new JDBC DriverManager Connection to [jdbc:postgresql://localhost:5432/postgres]
2025-12-01 13:58:18.182 [http-nio-8080-exec-4] INFO  c.q.b.c.ConnectionController - Connecting to database: jdbc:postgresql://localhost:5432/postgres
2025-12-01 13:58:18.250 [http-nio-8080-exec-4] DEBUG o.s.j.d.DriverManagerDataSource - Loaded JDBC driver: org.postgresql.Driver
2025-12-01 13:58:18.257 [http-nio-8080-exec-4] INFO  c.q.b.c.ConnectionController - Successfully connected to database
2025-12-01 13:58:25.404 [http-nio-8080-exec-5] DEBUG o.s.jdbc.core.JdbcTemplate - Executing SQL query [SELECT pid, age(clock_timestamp(), query_start), usename, application_name, client_addr, state, query 
  FROM pg_stat_activity 
 WHERE query not like '%pg_stat_activity%']
2025-12-01 13:58:25.410 [http-nio-8080-exec-5] DEBUG o.s.jdbc.datasource.DataSourceUtils - Fetching JDBC Connection from DataSource
2025-12-01 13:58:25.416 [http-nio-8080-exec-5] DEBUG o.s.j.d.DriverManagerDataSource - Creating new JDBC DriverManager Connection to [jdbc:postgresql://localhost:5432/postgres]
2025-12-01 13:59:29.584 [http-nio-8080-exec-6] INFO  c.q.b.c.ConnectionController - Connecting to database: jdbc:postgresql://localhost:5432/postgres
2025-12-01 13:59:29.585 [http-nio-8080-exec-6] DEBUG o.s.j.d.DriverManagerDataSource - Loaded JDBC driver: org.postgresql.Driver
2025-12-01 13:59:29.586 [http-nio-8080-exec-6] INFO  c.q.b.c.ConnectionController - Successfully connected to database
2025-12-01 13:59:33.527 [http-nio-8080-exec-8] DEBUG o.s.jdbc.core.JdbcTemplate - Executing SQL query [SELECT pid, age(clock_timestamp(), query_start), usename, application_name, client_addr, state, query 
  FROM pg_stat_activity 
 WHERE query not like '%pg_stat_activity%']
2025-12-01 13:59:33.529 [http-nio-8080-exec-8] DEBUG o.s.jdbc.datasource.DataSourceUtils - Fetching JDBC Connection from DataSource
2025-12-01 13:59:33.530 [http-nio-8080-exec-8] DEBUG o.s.j.d.DriverManagerDataSource - Creating new JDBC DriverManager Connection to [jdbc:postgresql://localhost:5432/postgres]
2025-12-01 14:00:57.472 [http-nio-8080-exec-7] INFO  c.q.b.c.ConnectionController - Connecting to database: jdbc:postgresql://localhost:5432/postgres
2025-12-01 14:00:57.478 [http-nio-8080-exec-7] DEBUG o.s.j.d.DriverManagerDataSource - Loaded JDBC driver: org.postgresql.Driver
2025-12-01 14:00:57.479 [http-nio-8080-exec-7] INFO  c.q.b.c.ConnectionController - Successfully connected to database
2025-12-01 14:01:01.539 [http-nio-8080-exec-9] DEBUG o.s.jdbc.core.JdbcTemplate - Executing SQL query [SELECT pid, age(clock_timestamp(), query_start), usename, application_name, client_addr, state, query 
  FROM pg_stat_activity 
 WHERE query not like '%pg_stat_activity%']
2025-12-01 14:01:01.539 [http-nio-8080-exec-9] DEBUG o.s.jdbc.datasource.DataSourceUtils - Fetching JDBC Connection from DataSource
2025-12-01 14:01:01.539 [http-nio-8080-exec-9] DEBUG o.s.j.d.DriverManagerDataSource - Creating new JDBC DriverManager Connection to [jdbc:postgresql://localhost:5432/postgres]
2025-12-01 14:06:19.620 [http-nio-8080-exec-10] INFO  c.q.b.c.ConnectionController - Connecting to database: jdbc:postgresql://localhost:5432/postgres
2025-12-01 14:06:19.622 [http-nio-8080-exec-10] DEBUG o.s.j.d.DriverManagerDataSource - Loaded JDBC driver: org.postgresql.Driver
2025-12-01 14:06:19.623 [http-nio-8080-exec-10] INFO  c.q.b.c.ConnectionController - Successfully connected to database
2025-12-01 14:06:54.061 [http-nio-8080-exec-1] INFO  c.q.b.c.ConnectionController - Connecting to database: jdbc:postgresql://localhost:5432/postgres
2025-12-01 14:06:54.063 [http-nio-8080-exec-1] DEBUG o.s.j.d.DriverManagerDataSource - Loaded JDBC driver: org.postgresql.Driver
2025-12-01 14:06:54.067 [http-nio-8080-exec-1] INFO  c.q.b.c.ConnectionController - Successfully connected to database
2025-12-01 14:07:00.765 [http-nio-8080-exec-2] DEBUG o.s.jdbc.core.JdbcTemplate - Executing SQL query [SELECT pid, age(clock_timestamp(), query_start), usename, application_name, client_addr, state, query 
  FROM pg_stat_activity 
 WHERE query not like '%pg_stat_activity%']
2025-12-01 14:07:00.766 [http-nio-8080-exec-2] DEBUG o.s.jdbc.datasource.DataSourceUtils - Fetching JDBC Connection from DataSource
2025-12-01 14:07:00.767 [http-nio-8080-exec-2] DEBUG o.s.j.d.DriverManagerDataSource - Creating new JDBC DriverManager Connection to [jdbc:postgresql://localhost:5432/postgres]
2025-12-01 14:17:07.111 [http-nio-8080-exec-3] INFO  c.q.b.c.ConnectionController - Connecting to database: jdbc:postgresql://localhost:5432/postgres
2025-12-01 14:17:07.112 [http-nio-8080-exec-3] DEBUG o.s.j.d.DriverManagerDataSource - Loaded JDBC driver: org.postgresql.Driver
2025-12-01 14:17:07.112 [http-nio-8080-exec-3] INFO  c.q.b.c.ConnectionController - Successfully connected to database
2025-12-01 14:17:14.952 [http-nio-8080-exec-4] DEBUG o.s.jdbc.core.JdbcTemplate - Executing SQL query [SELECT pid, age(clock_timestamp(), query_start), usename, application_name, client_addr, state, query 
  FROM pg_stat_activity 
 WHERE query not like '%pg_stat_activity%']
2025-12-01 14:17:14.954 [http-nio-8080-exec-4] DEBUG o.s.jdbc.datasource.DataSourceUtils - Fetching JDBC Connection from DataSource
2025-12-01 14:17:14.954 [http-nio-8080-exec-4] DEBUG o.s.j.d.DriverManagerDataSource - Creating new JDBC DriverManager Connection to [jdbc:postgresql://localhost:5432/postgres]
2025-12-01 14:19:17.422 [http-nio-8080-exec-5] DEBUG o.s.jdbc.core.JdbcTemplate - Executing SQL query [SELECT pid, age(clock_timestamp(), query_start), usename, application_name, client_addr, state, query 
  FROM pg_stat_activity 
 WHERE query not like '%pg_stat_activity%']
2025-12-01 14:19:17.422 [http-nio-8080-exec-5] DEBUG o.s.jdbc.datasource.DataSourceUtils - Fetching JDBC Connection from DataSource
2025-12-01 14:19:17.422 [http-nio-8080-exec-5] DEBUG o.s.j.d.DriverManagerDataSource - Creating new JDBC DriverManager Connection to [jdbc:postgresql://localhost:5432/postgres]
2025-12-01 14:48:37.421 [SpringApplicationShutdownHook] INFO  o.s.boot.tomcat.GracefulShutdown - Commencing graceful shutdown. Waiting for active requests to complete
2025-12-01 14:48:37.496 [tomcat-shutdown] INFO  o.s.boot.tomcat.GracefulShutdown - Graceful shutdown complete
